<?xml version="1.0" encoding="UTF-8"?>
<!-- Generated by org.testng.reporters.JUnitReportReporter -->
<testsuite hostname="DESKTOP-P7QLHB2" failures="0" tests="1" name="api.test.UserTest1" time="6.250" errors="0" timestamp="2024-04-17T17:41:33 IST" skipped="0">
  <testcase classname="api.test.UserTest1" name="testUser" time="6.250"/>
  <system-out/>
</testsuite> <!-- api.test.UserTest1 -->
