<?xml version="1.0" encoding="UTF-8"?>
<!-- Generated by org.testng.reporters.JUnitReportReporter -->
<testsuite hostname="DESKTOP-P7QLHB2" failures="0" tests="10" name="api.test.DDTests" time="19.430" errors="0" timestamp="2024-04-22T08:31:51 IST" skipped="0">
  <testcase classname="api.test.DDTests" name="testPostUser" time="1.668"/>
  <system-out/>
  <testcase classname="api.test.DDTests" name="testPostUser" time="1.522"/>
  <system-out/>
  <testcase classname="api.test.DDTests" name="testPostUser" time="1.776"/>
  <system-out/>
  <testcase classname="api.test.DDTests" name="testPostUser" time="1.372"/>
  <system-out/>
  <testcase classname="api.test.DDTests" name="testPostUser" time="5.424"/>
  <system-out/>
  <testcase classname="api.test.DDTests" name="testDeleteByName" time="1.590"/>
  <system-out/>
  <testcase classname="api.test.DDTests" name="testDeleteByName" time="1.365"/>
  <system-out/>
  <testcase classname="api.test.DDTests" name="testDeleteByName" time="1.584"/>
  <system-out/>
  <testcase classname="api.test.DDTests" name="testDeleteByName" time="1.646"/>
  <system-out/>
  <testcase classname="api.test.DDTests" name="testDeleteByName" time="1.483"/>
  <system-out/>
</testsuite> <!-- api.test.DDTests -->
