<?xml version="1.0" encoding="UTF-8"?>
<!-- Generated by org.testng.reporters.JUnitReportReporter -->
<testsuite hostname="DESKTOP-P7QLHB2" failures="0" tests="4" name="api.test.UserTest" time="12.510" errors="0" timestamp="2024-04-21T14:25:04 IST" skipped="0">
  <testcase classname="api.test.UserTest" name="testUser" time="5.857"/>
  <system-out/>
  <testcase classname="api.test.UserTest" name="testGetUserByName" time="2.350"/>
  <system-out/>
  <testcase classname="api.test.UserTest" name="testUpdateUserByName" time="2.895"/>
  <system-out/>
  <testcase classname="api.test.UserTest" name="testDeleteUserByName" time="1.408"/>
  <system-out/>
</testsuite> <!-- api.test.UserTest -->
