<?xml version="1.0" encoding="UTF-8"?>
<!-- Generated by org.testng.reporters.JUnitReportReporter -->
<testsuite hostname="DESKTOP-P7QLHB2" failures="0" tests="4" name="api.test.UserTest" time="8.527" errors="0" timestamp="2024-04-22T10:00:46 IST" skipped="0">
  <testcase classname="api.test.UserTest" name="testUser" time="1.514"/>
  <system-out/>
  <testcase classname="api.test.UserTest" name="testGetUserByName" time="1.555"/>
  <system-out/>
  <testcase classname="api.test.UserTest" name="testUpdateUserByName" time="3.409"/>
  <system-out/>
  <testcase classname="api.test.UserTest" name="testDeleteUserByName" time="2.049"/>
  <system-out/>
</testsuite> <!-- api.test.UserTest -->
