<?xml version="1.0" encoding="UTF-8"?>
<!-- Generated by org.testng.reporters.JUnitReportReporter -->
<testsuite hostname="DESKTOP-P7QLHB2" failures="0" tests="10" name="api.test.DDTests" time="20.508" errors="0" timestamp="2024-04-22T10:00:46 IST" skipped="0">
  <testcase classname="api.test.DDTests" name="testPostUser" time="1.364"/>
  <system-out/>
  <testcase classname="api.test.DDTests" name="testPostUser" time="5.725"/>
  <system-out/>
  <testcase classname="api.test.DDTests" name="testPostUser" time="1.406"/>
  <system-out/>
  <testcase classname="api.test.DDTests" name="testPostUser" time="1.515"/>
  <system-out/>
  <testcase classname="api.test.DDTests" name="testPostUser" time="1.382"/>
  <system-out/>
  <testcase classname="api.test.DDTests" name="testDeleteByName" time="1.417"/>
  <system-out/>
  <testcase classname="api.test.DDTests" name="testDeleteByName" time="2.169"/>
  <system-out/>
  <testcase classname="api.test.DDTests" name="testDeleteByName" time="1.544"/>
  <system-out/>
  <testcase classname="api.test.DDTests" name="testDeleteByName" time="1.956"/>
  <system-out/>
  <testcase classname="api.test.DDTests" name="testDeleteByName" time="2.030"/>
  <system-out/>
</testsuite> <!-- api.test.DDTests -->
